<?xml version="1.0" encoding="UTF-8" ?>
<testsuite tests="16" failures="0" name="demo.RunWalletTest" time="0.16" errors="0" skipped="0">
  <properties>
[...]
</properties>
  <testcase classname="Create an account" name="User wants to create an account with valid data" time="0.113"/>
  <testcase classname="Create an account" name="User tries to create an account with invalid mobilenumber" time="0"/>
  <testcase classname="Create an account" name="User tries to create an account with negative amount" time="0.015"/>
  <testcase classname="Create an account" name="User tried to invoke showBalance module" time="0"/>
  <testcase classname="Create an account" name="User tried to invoke showBalance module" time="0"/>
  <testcase classname="Create an account" name="User tried to find customer with a mobile number but customer details were not found" time="0"/>
  <testcase classname="Create an account" name="User tried to deposit amount with mobile number" time="0.016"/>
  <testcase classname="Create an account" name="User tried to deposit amount without entering mobile number" time="0"/>
  <testcase classname="Create an account" name="User tried to deposit amount with mobile number and without entering amount" time="0"/>
  <testcase classname="Create an account" name="User tried to deposit amount with mobile number and negative amount" time="0"/>
  <testcase classname="Create an account" name="User tried to invoke fund transfer method" time="0"/>
  <testcase classname="Create an account" name="User tried to invoke fund transfer method without specifying taker" time="0"/>
  <testcase classname="Create an account" name="User tried to invoke fund transfer method without specifying taker" time="0"/>
  <testcase classname="Create an account" name="User tried to invoke fund transfer method without entering amount" time="0"/>
  <testcase classname="Create an account" name="User tried to invoke fund transfer method and amount as negative" time="0"/>
  <testcase classname="Create an account" name="User tried to invoke fund transfer method with amount greater than giver balance" time="0.016"/>
</testsuite>